<?xml version="1.0" encoding="UTF-8"?>
<testng-results skipped="0" failed="1" ignored="0" total="16" passed="15">
  <reporter-output>
  </reporter-output>
  <suite name="FREE CRM Application Test Automation Test Suite" duration-ms="396091" started-at="2019-08-29T09:50:52 CDT" finished-at="2019-08-29T09:57:28 CDT">
    <groups>
    </groups>
    <test name="Free CRM App Test Cases" duration-ms="396091" started-at="2019-08-29T09:50:52 CDT" finished-at="2019-08-29T09:57:28 CDT">
      <class name="com.crm.qa.testcases.HomePageTest">
        <test-method status="PASS" signature="setUp()[pri:0, instance:com.crm.qa.testcases.HomePageTest@9660f4e]" name="setUp" is-config="true" duration-ms="23109" started-at="2019-08-29T09:51:44 CDT" finished-at="2019-08-29T09:52:07 CDT">
          <reporter-output>
          </reporter-output>
        </test-method> <!-- setUp -->
        <test-method status="PASS" signature="verifyHomePageTitleTest()[pri:1, instance:com.crm.qa.testcases.HomePageTest@9660f4e]" name="verifyHomePageTitleTest" duration-ms="9" started-at="2019-08-29T09:52:07 CDT" finished-at="2019-08-29T09:52:07 CDT">
          <reporter-output>
          </reporter-output>
        </test-method> <!-- verifyHomePageTitleTest -->
        <test-method status="PASS" signature="tearDown()[pri:0, instance:com.crm.qa.testcases.HomePageTest@9660f4e]" name="tearDown" is-config="true" duration-ms="796" started-at="2019-08-29T09:52:07 CDT" finished-at="2019-08-29T09:52:08 CDT">
          <reporter-output>
          </reporter-output>
        </test-method> <!-- tearDown -->
        <test-method status="PASS" signature="setUp()[pri:0, instance:com.crm.qa.testcases.HomePageTest@9660f4e]" name="setUp" is-config="true" duration-ms="20869" started-at="2019-08-29T09:52:08 CDT" finished-at="2019-08-29T09:52:29 CDT">
          <reporter-output>
          </reporter-output>
        </test-method> <!-- setUp -->
        <test-method status="PASS" signature="verifyUserNameLabelTest()[pri:2, instance:com.crm.qa.testcases.HomePageTest@9660f4e]" name="verifyUserNameLabelTest" duration-ms="39" started-at="2019-08-29T09:52:29 CDT" finished-at="2019-08-29T09:52:29 CDT">
          <reporter-output>
          </reporter-output>
        </test-method> <!-- verifyUserNameLabelTest -->
        <test-method status="PASS" signature="tearDown()[pri:0, instance:com.crm.qa.testcases.HomePageTest@9660f4e]" name="tearDown" is-config="true" duration-ms="802" started-at="2019-08-29T09:52:29 CDT" finished-at="2019-08-29T09:52:30 CDT">
          <reporter-output>
          </reporter-output>
        </test-method> <!-- tearDown -->
        <test-method status="PASS" signature="setUp()[pri:0, instance:com.crm.qa.testcases.HomePageTest@9660f4e]" name="setUp" is-config="true" duration-ms="20499" started-at="2019-08-29T09:52:30 CDT" finished-at="2019-08-29T09:52:51 CDT">
          <reporter-output>
          </reporter-output>
        </test-method> <!-- setUp -->
        <test-method status="PASS" signature="clickOnContactsLinkTest()[pri:3, instance:com.crm.qa.testcases.HomePageTest@9660f4e]" name="clickOnContactsLinkTest" duration-ms="3170" started-at="2019-08-29T09:52:51 CDT" finished-at="2019-08-29T09:52:54 CDT">
          <reporter-output>
          </reporter-output>
        </test-method> <!-- clickOnContactsLinkTest -->
        <test-method status="PASS" signature="tearDown()[pri:0, instance:com.crm.qa.testcases.HomePageTest@9660f4e]" name="tearDown" is-config="true" duration-ms="1136" started-at="2019-08-29T09:52:54 CDT" finished-at="2019-08-29T09:52:55 CDT">
          <reporter-output>
          </reporter-output>
        </test-method> <!-- tearDown -->
        <test-method status="PASS" signature="setUp()[pri:0, instance:com.crm.qa.testcases.HomePageTest@9660f4e]" name="setUp" is-config="true" duration-ms="24009" started-at="2019-08-29T09:52:55 CDT" finished-at="2019-08-29T09:53:19 CDT">
          <reporter-output>
          </reporter-output>
        </test-method> <!-- setUp -->
        <test-method status="PASS" signature="clickOnDealsLinkTest()[pri:4, instance:com.crm.qa.testcases.HomePageTest@9660f4e]" name="clickOnDealsLinkTest" duration-ms="3370" started-at="2019-08-29T09:53:19 CDT" finished-at="2019-08-29T09:53:22 CDT">
          <reporter-output>
          </reporter-output>
        </test-method> <!-- clickOnDealsLinkTest -->
        <test-method status="PASS" signature="tearDown()[pri:0, instance:com.crm.qa.testcases.HomePageTest@9660f4e]" name="tearDown" is-config="true" duration-ms="871" started-at="2019-08-29T09:53:22 CDT" finished-at="2019-08-29T09:53:23 CDT">
          <reporter-output>
          </reporter-output>
        </test-method> <!-- tearDown -->
        <test-method status="PASS" signature="setUp()[pri:0, instance:com.crm.qa.testcases.HomePageTest@9660f4e]" name="setUp" is-config="true" duration-ms="21285" started-at="2019-08-29T09:53:23 CDT" finished-at="2019-08-29T09:53:44 CDT">
          <reporter-output>
          </reporter-output>
        </test-method> <!-- setUp -->
        <test-method status="PASS" signature="clickOnTaskLinkTest()[pri:5, instance:com.crm.qa.testcases.HomePageTest@9660f4e]" name="clickOnTaskLinkTest" duration-ms="3135" started-at="2019-08-29T09:53:44 CDT" finished-at="2019-08-29T09:53:47 CDT">
          <reporter-output>
          </reporter-output>
        </test-method> <!-- clickOnTaskLinkTest -->
        <test-method status="PASS" signature="tearDown()[pri:0, instance:com.crm.qa.testcases.HomePageTest@9660f4e]" name="tearDown" is-config="true" duration-ms="688" started-at="2019-08-29T09:53:47 CDT" finished-at="2019-08-29T09:53:48 CDT">
          <reporter-output>
          </reporter-output>
        </test-method> <!-- tearDown -->
      </class> <!-- com.crm.qa.testcases.HomePageTest -->
      <class name="com.crm.qa.testcases.ContactsPageTest">
        <test-method status="PASS" signature="setUp()[pri:0, instance:com.crm.qa.testcases.ContactsPageTest@5a8806ef]" name="setUp" is-config="true" duration-ms="21406" started-at="2019-08-29T09:53:48 CDT" finished-at="2019-08-29T09:54:10 CDT">
          <reporter-output>
          </reporter-output>
        </test-method> <!-- setUp -->
        <test-method status="PASS" signature="verifyContactsLabelTest()[pri:1, instance:com.crm.qa.testcases.ContactsPageTest@5a8806ef]" name="verifyContactsLabelTest" duration-ms="83" started-at="2019-08-29T09:54:10 CDT" finished-at="2019-08-29T09:54:10 CDT">
          <reporter-output>
          </reporter-output>
        </test-method> <!-- verifyContactsLabelTest -->
        <test-method status="PASS" signature="tearDown()[pri:0, instance:com.crm.qa.testcases.ContactsPageTest@5a8806ef]" name="tearDown" is-config="true" duration-ms="785" started-at="2019-08-29T09:54:10 CDT" finished-at="2019-08-29T09:54:10 CDT">
          <reporter-output>
          </reporter-output>
        </test-method> <!-- tearDown -->
        <test-method status="PASS" signature="setUp()[pri:0, instance:com.crm.qa.testcases.ContactsPageTest@5a8806ef]" name="setUp" is-config="true" duration-ms="22279" started-at="2019-08-29T09:54:10 CDT" finished-at="2019-08-29T09:54:33 CDT">
          <reporter-output>
          </reporter-output>
        </test-method> <!-- setUp -->
        <test-method status="FAIL" signature="selectContactsByNameTest()[pri:2, instance:com.crm.qa.testcases.ContactsPageTest@5a8806ef]" name="selectContactsByNameTest" duration-ms="2453" started-at="2019-08-29T09:54:33 CDT" finished-at="2019-08-29T09:54:35 CDT">
          <exception class="org.openqa.selenium.ElementClickInterceptedException">
            <message>
              <![CDATA[element click intercepted: Element <input class="hidden" name="id" readonly="" tabindex="0" type="checkbox" value=""> is not clickable at point (237, 473). Other element would receive the click: <label></label>
  (Session info: chrome=76.0.3809.132)
Build info: version: '3.141.59', revision: 'e82be7d358', time: '2018-11-14T08:17:03'
System info: host: 'DESKTOP-7QD4G53', ip: '192.168.1.226', os.name: 'Windows 10', os.arch: 'amd64', os.version: '10.0', java.version: '1.8.0_221'
Driver info: org.openqa.selenium.chrome.ChromeDriver
Capabilities {acceptInsecureCerts: false, browserName: chrome, browserVersion: 76.0.3809.132, chrome: {chromedriverVersion: 76.0.3809.68 (420c9498db8ce..., userDataDir: C:\Users\Sujan\AppData\Loca...}, goog:chromeOptions: {debuggerAddress: localhost:50721}, javascriptEnabled: true, networkConnectionEnabled: false, pageLoadStrategy: normal, platform: XP, platformName: XP, proxy: Proxy(), setWindowRect: true, strictFileInteractability: false, timeouts: {implicit: 0, pageLoad: 300000, script: 30000}, unhandledPromptBehavior: dismiss and notify}
Session ID: 1b400107381fae720faa3a4b7fbd6691]]>
            </message>
            <full-stacktrace>
              <![CDATA[org.openqa.selenium.ElementClickInterceptedException: element click intercepted: Element <input class="hidden" name="id" readonly="" tabindex="0" type="checkbox" value=""> is not clickable at point (237, 473). Other element would receive the click: <label></label>
  (Session info: chrome=76.0.3809.132)
Build info: version: '3.141.59', revision: 'e82be7d358', time: '2018-11-14T08:17:03'
System info: host: 'DESKTOP-7QD4G53', ip: '192.168.1.226', os.name: 'Windows 10', os.arch: 'amd64', os.version: '10.0', java.version: '1.8.0_221'
Driver info: org.openqa.selenium.chrome.ChromeDriver
Capabilities {acceptInsecureCerts: false, browserName: chrome, browserVersion: 76.0.3809.132, chrome: {chromedriverVersion: 76.0.3809.68 (420c9498db8ce..., userDataDir: C:\Users\Sujan\AppData\Loca...}, goog:chromeOptions: {debuggerAddress: localhost:50721}, javascriptEnabled: true, networkConnectionEnabled: false, pageLoadStrategy: normal, platform: XP, platformName: XP, proxy: Proxy(), setWindowRect: true, strictFileInteractability: false, timeouts: {implicit: 0, pageLoad: 300000, script: 30000}, unhandledPromptBehavior: dismiss and notify}
Session ID: 1b400107381fae720faa3a4b7fbd6691
at sun.reflect.NativeConstructorAccessorImpl.newInstance0(Native Method)
at sun.reflect.NativeConstructorAccessorImpl.newInstance(Unknown Source)
at sun.reflect.DelegatingConstructorAccessorImpl.newInstance(Unknown Source)
at java.lang.reflect.Constructor.newInstance(Unknown Source)
at org.openqa.selenium.remote.http.W3CHttpResponseCodec.createException(W3CHttpResponseCodec.java:187)
at org.openqa.selenium.remote.http.W3CHttpResponseCodec.decode(W3CHttpResponseCodec.java:122)
at org.openqa.selenium.remote.http.W3CHttpResponseCodec.decode(W3CHttpResponseCodec.java:49)
at org.openqa.selenium.remote.HttpCommandExecutor.execute(HttpCommandExecutor.java:158)
at org.openqa.selenium.remote.service.DriverCommandExecutor.execute(DriverCommandExecutor.java:83)
at org.openqa.selenium.remote.RemoteWebDriver.execute(RemoteWebDriver.java:552)
at org.openqa.selenium.remote.RemoteWebElement.execute(RemoteWebElement.java:285)
at org.openqa.selenium.remote.RemoteWebElement.click(RemoteWebElement.java:84)
at sun.reflect.GeneratedMethodAccessor6.invoke(Unknown Source)
at sun.reflect.DelegatingMethodAccessorImpl.invoke(Unknown Source)
at java.lang.reflect.Method.invoke(Unknown Source)
at org.openqa.selenium.support.events.EventFiringWebDriver$EventFiringWebElement.lambda$new$0(EventFiringWebDriver.java:404)
at com.sun.proxy.$Proxy13.click(Unknown Source)
at org.openqa.selenium.support.events.EventFiringWebDriver$EventFiringWebElement.click(EventFiringWebDriver.java:417)
at com.crm.qa.pages.ContactsPage.selectContactsByName(ContactsPage.java:42)
at com.crm.qa.testcases.ContactsPageTest.selectContactsByNameTest(ContactsPageTest.java:59)
at sun.reflect.NativeMethodAccessorImpl.invoke0(Native Method)
at sun.reflect.NativeMethodAccessorImpl.invoke(Unknown Source)
at sun.reflect.DelegatingMethodAccessorImpl.invoke(Unknown Source)
at java.lang.reflect.Method.invoke(Unknown Source)
at org.testng.internal.MethodInvocationHelper.invokeMethod(MethodInvocationHelper.java:133)
at org.testng.internal.TestInvoker.invokeMethod(TestInvoker.java:584)
at org.testng.internal.TestInvoker.invokeTestMethod(TestInvoker.java:172)
at org.testng.internal.MethodRunner.runInSequence(MethodRunner.java:46)
at org.testng.internal.TestInvoker$MethodInvocationAgent.invoke(TestInvoker.java:804)
at org.testng.internal.TestInvoker.invokeTestMethods(TestInvoker.java:145)
at org.testng.internal.TestMethodWorker.invokeTestMethods(TestMethodWorker.java:146)
at org.testng.internal.TestMethodWorker.run(TestMethodWorker.java:128)
at java.util.ArrayList.forEach(Unknown Source)
at org.testng.TestRunner.privateRun(TestRunner.java:770)
at org.testng.TestRunner.run(TestRunner.java:591)
at org.testng.SuiteRunner.runTest(SuiteRunner.java:402)
at org.testng.SuiteRunner.runSequentially(SuiteRunner.java:396)
at org.testng.SuiteRunner.privateRun(SuiteRunner.java:355)
at org.testng.SuiteRunner.run(SuiteRunner.java:304)
at org.testng.SuiteRunnerWorker.runSuite(SuiteRunnerWorker.java:53)
at org.testng.SuiteRunnerWorker.run(SuiteRunnerWorker.java:96)
at org.testng.TestNG.runSuitesSequentially(TestNG.java:1180)
at org.testng.TestNG.runSuitesLocally(TestNG.java:1102)
at org.testng.TestNG.runSuites(TestNG.java:1032)
at org.testng.TestNG.run(TestNG.java:1000)
at org.testng.remote.AbstractRemoteTestNG.run(AbstractRemoteTestNG.java:115)
at org.testng.remote.RemoteTestNG.initAndRun(RemoteTestNG.java:251)
at org.testng.remote.RemoteTestNG.main(RemoteTestNG.java:77)
]]>
            </full-stacktrace>
          </exception> <!-- org.openqa.selenium.ElementClickInterceptedException -->
          <reporter-output>
          </reporter-output>
        </test-method> <!-- selectContactsByNameTest -->
        <test-method status="PASS" signature="tearDown()[pri:0, instance:com.crm.qa.testcases.ContactsPageTest@5a8806ef]" name="tearDown" is-config="true" duration-ms="1451" started-at="2019-08-29T09:54:35 CDT" finished-at="2019-08-29T09:54:37 CDT">
          <reporter-output>
          </reporter-output>
        </test-method> <!-- tearDown -->
        <test-method status="PASS" signature="setUp()[pri:0, instance:com.crm.qa.testcases.ContactsPageTest@5a8806ef]" name="setUp" is-config="true" duration-ms="22452" started-at="2019-08-29T09:54:38 CDT" finished-at="2019-08-29T09:55:00 CDT">
          <reporter-output>
          </reporter-output>
        </test-method> <!-- setUp -->
        <test-method status="PASS" signature="createNewContactTest(java.lang.String, java.lang.String)[pri:3, instance:com.crm.qa.testcases.ContactsPageTest@5a8806ef]" name="createNewContactTest" duration-ms="4583" started-at="2019-08-29T09:55:00 CDT" data-provider="getCRMTestData" finished-at="2019-08-29T09:55:05 CDT">
          <params>
            <param index="0">
              <value>
                <![CDATA[Tom]]>
              </value>
            </param>
            <param index="1">
              <value>
                <![CDATA[Peter]]>
              </value>
            </param>
          </params>
          <reporter-output>
          </reporter-output>
        </test-method> <!-- createNewContactTest -->
        <test-method status="PASS" signature="tearDown()[pri:0, instance:com.crm.qa.testcases.ContactsPageTest@5a8806ef]" name="tearDown" is-config="true" duration-ms="815" started-at="2019-08-29T09:55:05 CDT" finished-at="2019-08-29T09:55:05 CDT">
          <reporter-output>
          </reporter-output>
        </test-method> <!-- tearDown -->
        <test-method status="PASS" signature="setUp()[pri:0, instance:com.crm.qa.testcases.ContactsPageTest@5a8806ef]" name="setUp" is-config="true" duration-ms="21115" started-at="2019-08-29T09:55:05 CDT" finished-at="2019-08-29T09:55:27 CDT">
          <reporter-output>
          </reporter-output>
        </test-method> <!-- setUp -->
        <test-method status="PASS" signature="createNewContactTest(java.lang.String, java.lang.String)[pri:3, instance:com.crm.qa.testcases.ContactsPageTest@5a8806ef]" name="createNewContactTest" duration-ms="4832" started-at="2019-08-29T09:55:27 CDT" data-provider="getCRMTestData" finished-at="2019-08-29T09:55:31 CDT">
          <params>
            <param index="0">
              <value>
                <![CDATA[Sam]]>
              </value>
            </param>
            <param index="1">
              <value>
                <![CDATA[Walton]]>
              </value>
            </param>
          </params>
          <reporter-output>
          </reporter-output>
        </test-method> <!-- createNewContactTest -->
        <test-method status="PASS" signature="tearDown()[pri:0, instance:com.crm.qa.testcases.ContactsPageTest@5a8806ef]" name="tearDown" is-config="true" duration-ms="749" started-at="2019-08-29T09:55:31 CDT" finished-at="2019-08-29T09:55:32 CDT">
          <reporter-output>
          </reporter-output>
        </test-method> <!-- tearDown -->
        <test-method status="PASS" signature="setUp()[pri:0, instance:com.crm.qa.testcases.ContactsPageTest@5a8806ef]" name="setUp" is-config="true" duration-ms="29122" started-at="2019-08-29T09:55:32 CDT" finished-at="2019-08-29T09:56:01 CDT">
          <reporter-output>
          </reporter-output>
        </test-method> <!-- setUp -->
        <test-method status="PASS" signature="createNewContactTest(java.lang.String, java.lang.String)[pri:3, instance:com.crm.qa.testcases.ContactsPageTest@5a8806ef]" name="createNewContactTest" duration-ms="4648" started-at="2019-08-29T09:56:01 CDT" data-provider="getCRMTestData" finished-at="2019-08-29T09:56:06 CDT">
          <params>
            <param index="0">
              <value>
                <![CDATA[Bill]]>
              </value>
            </param>
            <param index="1">
              <value>
                <![CDATA[Gates]]>
              </value>
            </param>
          </params>
          <reporter-output>
          </reporter-output>
        </test-method> <!-- createNewContactTest -->
        <test-method status="PASS" signature="tearDown()[pri:0, instance:com.crm.qa.testcases.ContactsPageTest@5a8806ef]" name="tearDown" is-config="true" duration-ms="758" started-at="2019-08-29T09:56:06 CDT" finished-at="2019-08-29T09:56:07 CDT">
          <reporter-output>
          </reporter-output>
        </test-method> <!-- tearDown -->
        <test-method status="PASS" signature="setUp()[pri:0, instance:com.crm.qa.testcases.ContactsPageTest@5a8806ef]" name="setUp" is-config="true" duration-ms="21783" started-at="2019-08-29T09:56:07 CDT" finished-at="2019-08-29T09:56:28 CDT">
          <reporter-output>
          </reporter-output>
        </test-method> <!-- setUp -->
        <test-method status="PASS" signature="createNewContactTest(java.lang.String, java.lang.String)[pri:3, instance:com.crm.qa.testcases.ContactsPageTest@5a8806ef]" name="createNewContactTest" duration-ms="4743" started-at="2019-08-29T09:56:28 CDT" data-provider="getCRMTestData" finished-at="2019-08-29T09:56:33 CDT">
          <params>
            <param index="0">
              <value>
                <![CDATA[Warren]]>
              </value>
            </param>
            <param index="1">
              <value>
                <![CDATA[Buffet]]>
              </value>
            </param>
          </params>
          <reporter-output>
          </reporter-output>
        </test-method> <!-- createNewContactTest -->
        <test-method status="PASS" signature="tearDown()[pri:0, instance:com.crm.qa.testcases.ContactsPageTest@5a8806ef]" name="tearDown" is-config="true" duration-ms="730" started-at="2019-08-29T09:56:33 CDT" finished-at="2019-08-29T09:56:34 CDT">
          <reporter-output>
          </reporter-output>
        </test-method> <!-- tearDown -->
        <test-method status="PASS" signature="setUp()[pri:0, instance:com.crm.qa.testcases.ContactsPageTest@5a8806ef]" name="setUp" is-config="true" duration-ms="20886" started-at="2019-08-29T09:56:34 CDT" finished-at="2019-08-29T09:56:55 CDT">
          <reporter-output>
          </reporter-output>
        </test-method> <!-- setUp -->
        <test-method status="PASS" signature="createNewContactTest(java.lang.String, java.lang.String)[pri:3, instance:com.crm.qa.testcases.ContactsPageTest@5a8806ef]" name="createNewContactTest" duration-ms="4770" started-at="2019-08-29T09:56:55 CDT" data-provider="getCRMTestData" finished-at="2019-08-29T09:57:00 CDT">
          <params>
            <param index="0">
              <value>
                <![CDATA[Jeff]]>
              </value>
            </param>
            <param index="1">
              <value>
                <![CDATA[Bezos]]>
              </value>
            </param>
          </params>
          <reporter-output>
          </reporter-output>
        </test-method> <!-- createNewContactTest -->
        <test-method status="PASS" signature="tearDown()[pri:0, instance:com.crm.qa.testcases.ContactsPageTest@5a8806ef]" name="tearDown" is-config="true" duration-ms="760" started-at="2019-08-29T09:57:00 CDT" finished-at="2019-08-29T09:57:00 CDT">
          <reporter-output>
          </reporter-output>
        </test-method> <!-- tearDown -->
        <test-method status="PASS" signature="setUp()[pri:0, instance:com.crm.qa.testcases.ContactsPageTest@5a8806ef]" name="setUp" is-config="true" duration-ms="21844" started-at="2019-08-29T09:57:00 CDT" finished-at="2019-08-29T09:57:22 CDT">
          <reporter-output>
          </reporter-output>
        </test-method> <!-- setUp -->
        <test-method status="PASS" signature="createNewContactTest(java.lang.String, java.lang.String)[pri:3, instance:com.crm.qa.testcases.ContactsPageTest@5a8806ef]" name="createNewContactTest" duration-ms="4918" started-at="2019-08-29T09:57:22 CDT" data-provider="getCRMTestData" finished-at="2019-08-29T09:57:27 CDT">
          <params>
            <param index="0">
              <value>
                <![CDATA[Mark]]>
              </value>
            </param>
            <param index="1">
              <value>
                <![CDATA[Zuckerberg]]>
              </value>
            </param>
          </params>
          <reporter-output>
          </reporter-output>
        </test-method> <!-- createNewContactTest -->
        <test-method status="PASS" signature="tearDown()[pri:0, instance:com.crm.qa.testcases.ContactsPageTest@5a8806ef]" name="tearDown" is-config="true" duration-ms="761" started-at="2019-08-29T09:57:27 CDT" finished-at="2019-08-29T09:57:28 CDT">
          <reporter-output>
          </reporter-output>
        </test-method> <!-- tearDown -->
      </class> <!-- com.crm.qa.testcases.ContactsPageTest -->
      <class name="com.crm.qa.testcases.LoginPageTest">
        <test-method status="PASS" signature="setUp()[pri:0, instance:com.crm.qa.testcases.LoginPageTest@7c29daf3]" name="setUp" is-config="true" duration-ms="16232" started-at="2019-08-29T09:50:52 CDT" finished-at="2019-08-29T09:51:08 CDT">
          <reporter-output>
          </reporter-output>
        </test-method> <!-- setUp -->
        <test-method status="PASS" signature="loginPageTitleTest()[pri:1, instance:com.crm.qa.testcases.LoginPageTest@7c29daf3]" name="loginPageTitleTest" duration-ms="284" started-at="2019-08-29T09:51:08 CDT" finished-at="2019-08-29T09:51:08 CDT">
          <reporter-output>
          </reporter-output>
        </test-method> <!-- loginPageTitleTest -->
        <test-method status="PASS" signature="tearDown()[pri:0, instance:com.crm.qa.testcases.LoginPageTest@7c29daf3]" name="tearDown" is-config="true" duration-ms="771" started-at="2019-08-29T09:51:08 CDT" finished-at="2019-08-29T09:51:09 CDT">
          <reporter-output>
          </reporter-output>
        </test-method> <!-- tearDown -->
        <test-method status="PASS" signature="setUp()[pri:0, instance:com.crm.qa.testcases.LoginPageTest@7c29daf3]" name="setUp" is-config="true" duration-ms="10614" started-at="2019-08-29T09:51:09 CDT" finished-at="2019-08-29T09:51:20 CDT">
          <reporter-output>
          </reporter-output>
        </test-method> <!-- setUp -->
        <test-method status="PASS" signature="crmLogoImageTest()[pri:2, instance:com.crm.qa.testcases.LoginPageTest@7c29daf3]" name="crmLogoImageTest" duration-ms="288" started-at="2019-08-29T09:51:20 CDT" finished-at="2019-08-29T09:51:20 CDT">
          <reporter-output>
          </reporter-output>
        </test-method> <!-- crmLogoImageTest -->
        <test-method status="PASS" signature="tearDown()[pri:0, instance:com.crm.qa.testcases.LoginPageTest@7c29daf3]" name="tearDown" is-config="true" duration-ms="743" started-at="2019-08-29T09:51:20 CDT" finished-at="2019-08-29T09:51:21 CDT">
          <reporter-output>
          </reporter-output>
        </test-method> <!-- tearDown -->
        <test-method status="PASS" signature="setUp()[pri:0, instance:com.crm.qa.testcases.LoginPageTest@7c29daf3]" name="setUp" is-config="true" duration-ms="10859" started-at="2019-08-29T09:51:21 CDT" finished-at="2019-08-29T09:51:32 CDT">
          <reporter-output>
          </reporter-output>
        </test-method> <!-- setUp -->
        <test-method status="PASS" signature="loginTest()[pri:3, instance:com.crm.qa.testcases.LoginPageTest@7c29daf3]" name="loginTest" duration-ms="11616" started-at="2019-08-29T09:51:32 CDT" finished-at="2019-08-29T09:51:43 CDT">
          <reporter-output>
          </reporter-output>
        </test-method> <!-- loginTest -->
        <test-method status="PASS" signature="tearDown()[pri:0, instance:com.crm.qa.testcases.LoginPageTest@7c29daf3]" name="tearDown" is-config="true" duration-ms="1156" started-at="2019-08-29T09:51:43 CDT" finished-at="2019-08-29T09:51:44 CDT">
          <reporter-output>
          </reporter-output>
        </test-method> <!-- tearDown -->
      </class> <!-- com.crm.qa.testcases.LoginPageTest -->
    </test> <!-- Free CRM App Test Cases -->
  </suite> <!-- FREE CRM Application Test Automation Test Suite -->
</testng-results>
